Using pre-set license
Built from '2020.3/staging' branch; Version is '2020.3.26f1 (7298b473bc1a) revision 7510196'; Using compiler version '192528614'; Build Type 'Release'
OS: 'Windows 11  (10.0.22631) 64bit Core' Language: 'en' Physical Memory: 32429 MB
BatchMode: 1, IsHumanControllingUs: 0, StartBugReporterOnCrash: 0, Is64bit: 1, IsPro: 0

COMMAND LINE ARGUMENTS:
C:\Program Files\Unity\Hub\Editor\2020.3.26f1\Editor\Unity.exe
-adb2
-batchMode
-noUpm
-name
AssetImportWorker0
-projectPath
C:/Users/donto/OneDrive/Documents/GitHub/CIS216/Pandora
-logFile
Logs/AssetImportWorker0.log
-srvPort
63644
Successfully changed project path to: C:/Users/donto/OneDrive/Documents/GitHub/CIS216/Pandora
C:/Users/donto/OneDrive/Documents/GitHub/CIS216/Pandora
Using Asset Import Pipeline V2.
Refreshing native plugins compatible for Editor in 32.73 ms, found 3 plugins.
Preloading 0 native plugins for Editor in 0.00 ms.
Initialize engine version: 2020.3.26f1 (7298b473bc1a)
[Subsystems] Discovering subsystems at path C:/Program Files/Unity/Hub/Editor/2020.3.26f1/Editor/Data/Resources/UnitySubsystems
[Subsystems] Discovering subsystems at path C:/Users/donto/OneDrive/Documents/GitHub/CIS216/Pandora/Assets
GfxDevice: creating device client; threaded=0
Direct3D:
    Version:  Direct3D 11.0 [level 11.1]
    Renderer: NVIDIA GeForce RTX 3070 Laptop GPU (ID=0x24dd)
    Vendor:   
    VRAM:     8033 MB
    Driver:   31.0.15.3734
Initialize mono
Mono path[0] = 'C:/Program Files/Unity/Hub/Editor/2020.3.26f1/Editor/Data/Managed'
Mono path[1] = 'C:/Program Files/Unity/Hub/Editor/2020.3.26f1/Editor/Data/MonoBleedingEdge/lib/mono/unityjit'
Mono config path = 'C:/Program Files/Unity/Hub/Editor/2020.3.26f1/Editor/Data/MonoBleedingEdge/etc'
Using monoOptions --debugger-agent=transport=dt_socket,embedding=1,server=y,suspend=n,address=127.0.0.1:56360
Begin MonoManager ReloadAssembly
Registering precompiled unity dll's ...
Register platform support module: C:/Program Files/Unity/Hub/Editor/2020.3.26f1/Editor/Data/PlaybackEngines/WindowsStandaloneSupport/UnityEditor.WindowsStandalone.Extensions.dll
Registered in 0.000983 seconds.
Native extension for WindowsStandalone target not found
Refreshing native plugins compatible for Editor in 37.61 ms, found 3 plugins.
Preloading 0 native plugins for Editor in 0.00 ms.
Mono: successfully reloaded assembly
- Completed reload, in  0.435 seconds
Domain Reload Profiling:
	ReloadAssembly (435ms)
		BeginReloadAssembly (37ms)
			ExecutionOrderSort (0ms)
			DisableScriptedObjects (0ms)
			BackupInstance (0ms)
			ReleaseScriptingObjects (0ms)
			CreateAndSetChildDomain (1ms)
		EndReloadAssembly (344ms)
			LoadAssemblies (36ms)
			RebuildTransferFunctionScriptingTraits (0ms)
			SetupTypeCache (113ms)
			ReleaseScriptCaches (0ms)
			RebuildScriptCaches (19ms)
			SetupLoadedEditorAssemblies (136ms)
				LogAssemblyErrors (0ms)
				InitializePlatformSupportModulesInManaged (3ms)
				SetLoadedEditorAssemblies (0ms)
				RefreshPlugins (38ms)
				BeforeProcessingInitializeOnLoad (7ms)
				ProcessInitializeOnLoadAttributes (65ms)
				ProcessInitializeOnLoadMethodAttributes (23ms)
				AfterProcessingInitializeOnLoad (0ms)
				EditorAssembliesLoaded (0ms)
			ExecutionOrderSort2 (0ms)
			AwakeInstancesAfterBackupRestoration (0ms)
Platform modules already initialized, skipping
Registering precompiled user dll's ...
Registered in 0.002764 seconds.
Begin MonoManager ReloadAssembly
Native extension for WindowsStandalone target not found
Refreshing native plugins compatible for Editor in 36.00 ms, found 3 plugins.
Preloading 0 native plugins for Editor in 0.00 ms.
Mono: successfully reloaded assembly
- Completed reload, in  0.831 seconds
Domain Reload Profiling:
	ReloadAssembly (832ms)
		BeginReloadAssembly (104ms)
			ExecutionOrderSort (0ms)
			DisableScriptedObjects (3ms)
			BackupInstance (0ms)
			ReleaseScriptingObjects (0ms)
			CreateAndSetChildDomain (15ms)
		EndReloadAssembly (682ms)
			LoadAssemblies (72ms)
			RebuildTransferFunctionScriptingTraits (0ms)
			SetupTypeCache (205ms)
			ReleaseScriptCaches (1ms)
			RebuildScriptCaches (35ms)
			SetupLoadedEditorAssemblies (257ms)
				LogAssemblyErrors (0ms)
				InitializePlatformSupportModulesInManaged (3ms)
				SetLoadedEditorAssemblies (0ms)
				RefreshPlugins (36ms)
				BeforeProcessingInitializeOnLoad (50ms)
				ProcessInitializeOnLoadAttributes (151ms)
				ProcessInitializeOnLoadMethodAttributes (14ms)
				AfterProcessingInitializeOnLoad (3ms)
				EditorAssembliesLoaded (0ms)
			ExecutionOrderSort2 (0ms)
			AwakeInstancesAfterBackupRestoration (4ms)
Platform modules already initialized, skipping
========================================================================
Worker process is ready to serve import requests
Launched and connected shader compiler UnityShaderCompiler.exe after 0.04 seconds
Refreshing native plugins compatible for Editor in 0.42 ms, found 3 plugins.
Preloading 0 native plugins for Editor in 0.00 ms.
Unloading 2207 Unused Serialized files (Serialized files now loaded: 0)
System memory in use before: 96.1 MB.
System memory in use after: 96.2 MB.

Unloading 28 unused Assets to reduce memory usage. Loaded Objects now: 2641.
Total: 2.165000 ms (FindLiveObjects: 0.165700 ms CreateObjectMapping: 0.042200 ms MarkObjects: 1.891600 ms  DeleteObjects: 0.064600 ms)

AssetImportParameters requested are different than current active one (requested -> active):
  custom:framework-win-MediaFoundation: 216162199b28c13a410421893ffa2e32 -> 
  custom:video-decoder-ogg-theora: a1e56fd34408186e4bbccfd4996cb3dc -> 
  custom:container-muxer-webm: aa71ff27fc2769a1b78a27578f13a17b -> 
  custom:container-demuxer-webm: 4f35f7cbe854078d1ac9338744f61a02 -> 
  custom:container-demuxer-ogg: 62fdf1f143b41e24485cea50d1cbac27 -> 
  custom:video-encoder-webm-vp8: eb34c28f22e8b96e1ab97ce403110664 -> 
  custom:video-decoder-webm-vp8: 9c59270c3fd7afecdb556c50c9e8de78 -> 
  custom:audio-decoder-ogg-vorbis: bf7c407c2cedff20999df2af8eb42d56 -> 
  custom:audio-encoder-webm-vorbis: bf7c407c2cedff20999df2af8eb42d56 -> 
========================================================================
Received Import Request.
  path: Assets/Graphics/Interactable Objects
  artifactKey: Guid(199010b2040a52145809216d3294183d) Importer(815301076,1909f56bfc062723c751e8b465ee728b)
Start importing Assets/Graphics/Interactable Objects using Guid(199010b2040a52145809216d3294183d) Importer(815301076,1909f56bfc062723c751e8b465ee728b)  -> (artifact id: 'c95208cf3ac547ee0e01b434c979f448') in 0.009555 seconds 
  Import took 0.013287 seconds .

========================================================================
Received Import Request.
  Time since last request: 10.697455 seconds.
  path: Assets/Graphics/Obstacles and Traps
  artifactKey: Guid(dae538a2f2345b9489ca7de5e7eb225b) Importer(815301076,1909f56bfc062723c751e8b465ee728b)
Start importing Assets/Graphics/Obstacles and Traps using Guid(dae538a2f2345b9489ca7de5e7eb225b) Importer(815301076,1909f56bfc062723c751e8b465ee728b)  -> (artifact id: 'a7d4a6cfa3c9a475edcbbadf834fda05') in 0.009050 seconds 
  Import took 0.012743 seconds .

========================================================================
Received Import Request.
  Time since last request: 29.943803 seconds.
  path: Assets/Graphics/Platforms
  artifactKey: Guid(59e3bcb9e9a245949a334be8f9362098) Importer(815301076,1909f56bfc062723c751e8b465ee728b)
Start importing Assets/Graphics/Platforms using Guid(59e3bcb9e9a245949a334be8f9362098) Importer(815301076,1909f56bfc062723c751e8b465ee728b)  -> (artifact id: '5a8646151793988328355fcd2c66596c') in 0.009886 seconds 
  Import took 0.013683 seconds .

========================================================================
Received Import Request.
  Time since last request: 7.744446 seconds.
  path: Assets/Graphics/Weapons
  artifactKey: Guid(c8c5420a7b7870e4c838457388157500) Importer(815301076,1909f56bfc062723c751e8b465ee728b)
Start importing Assets/Graphics/Weapons using Guid(c8c5420a7b7870e4c838457388157500) Importer(815301076,1909f56bfc062723c751e8b465ee728b)  -> (artifact id: 'a81e3199a5c5be329f486616f635ba53') in 0.009796 seconds 
  Import took 0.013807 seconds .

========================================================================
Received Import Request.
  Time since last request: 6.994056 seconds.
  path: Assets/Graphics/Spells
  artifactKey: Guid(81e76ae81d559c04da39e40e23359e38) Importer(815301076,1909f56bfc062723c751e8b465ee728b)
Start importing Assets/Graphics/Spells using Guid(81e76ae81d559c04da39e40e23359e38) Importer(815301076,1909f56bfc062723c751e8b465ee728b)  -> (artifact id: '59c25178517db361782d08da51d95610') in 0.013668 seconds 
  Import took 0.018066 seconds .

========================================================================
Received Import Request.
  Time since last request: 7.285094 seconds.
  path: Assets/Graphics/New Folder
  artifactKey: Guid(036d5621cbead2a499b6b6d4e310c2d8) Importer(815301076,1909f56bfc062723c751e8b465ee728b)
Start importing Assets/Graphics/New Folder using Guid(036d5621cbead2a499b6b6d4e310c2d8) Importer(815301076,1909f56bfc062723c751e8b465ee728b)  -> (artifact id: '49bf1eb1170249e442c2676f52c435e6') in 0.010208 seconds 
  Import took 0.014693 seconds .

========================================================================
Received Import Request.
  Time since last request: 17.213838 seconds.
  path: Assets/Graphics/Characters
  artifactKey: Guid(036d5621cbead2a499b6b6d4e310c2d8) Importer(815301076,1909f56bfc062723c751e8b465ee728b)
Start importing Assets/Graphics/Characters using Guid(036d5621cbead2a499b6b6d4e310c2d8) Importer(815301076,1909f56bfc062723c751e8b465ee728b)  -> (artifact id: '2be7811c7dc20f780f1498f3b0ed37b0') in 0.012558 seconds 
  Import took 0.017367 seconds .

========================================================================
Received Import Request.
  Time since last request: 4.281009 seconds.
  path: Assets/Audio/Pandora_Sword_Sound_Effect.mp3
  artifactKey: Guid(620140a2272f6fe44ab0380b201f8377) Importer(815301076,1909f56bfc062723c751e8b465ee728b)
Start importing Assets/Audio/Pandora_Sword_Sound_Effect.mp3 using Guid(620140a2272f6fe44ab0380b201f8377) Importer(815301076,1909f56bfc062723c751e8b465ee728b)  -> (artifact id: '7d28eb23c2bf227c33f5b6975564854c') in 0.143847 seconds 
  Import took 0.147389 seconds .

========================================================================
Received Import Request.
  Time since last request: 6.977614 seconds.
  path: Assets/Scripts/Game Manager Scripts
  artifactKey: Guid(dbdef27db5ebf9049b1ce11d333f3193) Importer(815301076,1909f56bfc062723c751e8b465ee728b)
Start importing Assets/Scripts/Game Manager Scripts using Guid(dbdef27db5ebf9049b1ce11d333f3193) Importer(815301076,1909f56bfc062723c751e8b465ee728b)  -> (artifact id: 'f1d7ffd97bce705151e913bb20b861dd') in 0.015834 seconds 
  Import took 0.021041 seconds .

========================================================================
Received Import Request.
  Time since last request: 1.004870 seconds.
  path: Assets/Scripts/Game Manager Scripts/Checkpoint.cs
  artifactKey: Guid(4f164064475b0d2449a5f458b0af4b06) Importer(815301076,1909f56bfc062723c751e8b465ee728b)
Start importing Assets/Scripts/Game Manager Scripts/Checkpoint.cs using Guid(4f164064475b0d2449a5f458b0af4b06) Importer(815301076,1909f56bfc062723c751e8b465ee728b)  -> (artifact id: 'ef8fd3d093607d4caa01b99dca1476e5') in 0.075470 seconds 
  Import took 0.080213 seconds .

========================================================================
Received Import Request.
  Time since last request: 10.242898 seconds.
  path: Assets/Scripts/Game Manager Scripts/PlayerPosition.cs
  artifactKey: Guid(f6a79701f6263d74798f8dfbc1fd7206) Importer(815301076,1909f56bfc062723c751e8b465ee728b)
Start importing Assets/Scripts/Game Manager Scripts/PlayerPosition.cs using Guid(f6a79701f6263d74798f8dfbc1fd7206) Importer(815301076,1909f56bfc062723c751e8b465ee728b)  -> (artifact id: '2da2ba122b4396c0ce996f496228b19b') in 0.014925 seconds 
  Import took 0.029472 seconds .

========================================================================
Received Import Request.
  Time since last request: 158.571869 seconds.
  path: Assets/Scripts/Game Manager Scripts/LevelManager.cs
  artifactKey: Guid(ee66161e3ed2ba94797da08ed4ce9e0e) Importer(815301076,1909f56bfc062723c751e8b465ee728b)
Start importing Assets/Scripts/Game Manager Scripts/LevelManager.cs using Guid(ee66161e3ed2ba94797da08ed4ce9e0e) Importer(815301076,1909f56bfc062723c751e8b465ee728b)  -> (artifact id: '533ad76ade8226029bde6d9d53fc53dd') in 0.011535 seconds 
  Import took 0.019358 seconds .

========================================================================
Received Import Request.
  Time since last request: 974.809494 seconds.
  path: Assets/Scripts/Game Manager Scripts/Inventory.cs
  artifactKey: Guid(f38ccbf86d64e7e47abc97a36f225a3b) Importer(815301076,1909f56bfc062723c751e8b465ee728b)
Start importing Assets/Scripts/Game Manager Scripts/Inventory.cs using Guid(f38ccbf86d64e7e47abc97a36f225a3b) Importer(815301076,1909f56bfc062723c751e8b465ee728b)  -> (artifact id: '4ac74a137454a590a0e2a22b2036c16e') in 0.009004 seconds 
  Import took 0.023044 seconds .

========================================================================
Received Prepare
Registering precompiled user dll's ...
Registered in 0.248162 seconds.
Begin MonoManager ReloadAssembly
Native extension for WindowsStandalone target not found
Refreshing native plugins compatible for Editor in 0.52 ms, found 3 plugins.
Preloading 0 native plugins for Editor in 0.00 ms.
Mono: successfully reloaded assembly
- Completed reload, in  0.751 seconds
Domain Reload Profiling:
	ReloadAssembly (752ms)
		BeginReloadAssembly (92ms)
			ExecutionOrderSort (0ms)
			DisableScriptedObjects (5ms)
			BackupInstance (0ms)
			ReleaseScriptingObjects (0ms)
			CreateAndSetChildDomain (30ms)
		EndReloadAssembly (620ms)
			LoadAssemblies (57ms)
			RebuildTransferFunctionScriptingTraits (0ms)
			SetupTypeCache (232ms)
			ReleaseScriptCaches (1ms)
			RebuildScriptCaches (28ms)
			SetupLoadedEditorAssemblies (223ms)
				LogAssemblyErrors (0ms)
				InitializePlatformSupportModulesInManaged (4ms)
				SetLoadedEditorAssemblies (0ms)
				RefreshPlugins (1ms)
				BeforeProcessingInitializeOnLoad (52ms)
				ProcessInitializeOnLoadAttributes (155ms)
				ProcessInitializeOnLoadMethodAttributes (7ms)
				AfterProcessingInitializeOnLoad (3ms)
				EditorAssembliesLoaded (0ms)
			ExecutionOrderSort2 (0ms)
			AwakeInstancesAfterBackupRestoration (9ms)
Platform modules already initialized, skipping
Refreshing native plugins compatible for Editor in 0.68 ms, found 3 plugins.
Preloading 0 native plugins for Editor in 0.00 ms.
Unloading 2197 Unused Serialized files (Serialized files now loaded: 0)
System memory in use before: 98.5 MB.
System memory in use after: 98.6 MB.

Unloading 17 unused Assets to reduce memory usage. Loaded Objects now: 2653.
Total: 3.250900 ms (FindLiveObjects: 0.208700 ms CreateObjectMapping: 0.120200 ms MarkObjects: 2.896100 ms  DeleteObjects: 0.024400 ms)

AssetImportParameters requested are different than current active one (requested -> active):
  custom:framework-win-MediaFoundation: 216162199b28c13a410421893ffa2e32 -> 
  custom:video-decoder-ogg-theora: a1e56fd34408186e4bbccfd4996cb3dc -> 
  custom:container-muxer-webm: aa71ff27fc2769a1b78a27578f13a17b -> 
  custom:container-demuxer-webm: 4f35f7cbe854078d1ac9338744f61a02 -> 
  custom:container-demuxer-ogg: 62fdf1f143b41e24485cea50d1cbac27 -> 
  custom:video-encoder-webm-vp8: eb34c28f22e8b96e1ab97ce403110664 -> 
  custom:video-decoder-webm-vp8: 9c59270c3fd7afecdb556c50c9e8de78 -> 
  custom:audio-decoder-ogg-vorbis: bf7c407c2cedff20999df2af8eb42d56 -> 
  custom:audio-encoder-webm-vorbis: bf7c407c2cedff20999df2af8eb42d56 -> 
